<?xml version="1.0" encoding="UTF-8"?>
<!-- Generated by org.testng.reporters.JUnitXMLReporter -->
<testsuite ignored="0" hostname="addys-MacBook-Air.local" failures="0" tests="4" name="Default test" time="11.904" errors="0" timestamp="2021-03-13T13:15:11 IST">
  <testcase classname="projectnew.projectnew.homepage" name="basePageNavigation" time="4.613"/>
  <testcase classname="projectnew.projectnew.homepage" name="firsttestcase" time="1.518"/>
  <testcase classname="projectnew.projectnew.homepage" name="validatesealotherIEC" time="0.885"/>
  <testcase classname="projectnew.projectnew.homepage" name="validatescannedseal" time="0.697"/>
</testsuite> <!-- Default test -->
