<?xml version="1.0" encoding="UTF-8"?>
<testng-results ignored="0" total="4" passed="4" failed="0" skipped="0">
  <reporter-output>
  </reporter-output>
  <suite started-at="2021-03-13T13:14:54 IST" name="Default suite" finished-at="2021-03-13T13:15:06 IST" duration-ms="11904">
    <groups>
    </groups>
    <test started-at="2021-03-13T13:14:54 IST" name="Default test" finished-at="2021-03-13T13:15:06 IST" duration-ms="11904">
      <class name="projectnew.projectnew.homepage">
        <test-method is-config="true" signature="initialize()[pri:0, instance:projectnew.projectnew.homepage@79da8dc5]" started-at="2021-03-13T13:14:54 IST" name="initialize" finished-at="2021-03-13T13:14:59 IST" duration-ms="4133" status="PASS">
          <reporter-output>
          </reporter-output>
        </test-method> <!-- initialize -->
        <test-method signature="basePageNavigation()[pri:0, instance:projectnew.projectnew.homepage@79da8dc5]" started-at="2021-03-13T13:14:59 IST" name="basePageNavigation" finished-at="2021-03-13T13:15:03 IST" duration-ms="4613" status="PASS">
          <reporter-output>
          </reporter-output>
        </test-method> <!-- basePageNavigation -->
        <test-method signature="firsttestcase()[pri:1, instance:projectnew.projectnew.homepage@79da8dc5]" started-at="2021-03-13T13:15:03 IST" name="firsttestcase" finished-at="2021-03-13T13:15:05 IST" duration-ms="1518" status="PASS">
          <reporter-output>
          </reporter-output>
        </test-method> <!-- firsttestcase -->
        <test-method signature="validatesealotherIEC()[pri:2, instance:projectnew.projectnew.homepage@79da8dc5]" started-at="2021-03-13T13:15:05 IST" name="validatesealotherIEC" finished-at="2021-03-13T13:15:06 IST" duration-ms="885" status="PASS">
          <reporter-output>
          </reporter-output>
        </test-method> <!-- validatesealotherIEC -->
        <test-method signature="validatescannedseal()[pri:3, instance:projectnew.projectnew.homepage@79da8dc5]" started-at="2021-03-13T13:15:06 IST" name="validatescannedseal" finished-at="2021-03-13T13:15:06 IST" duration-ms="697" status="PASS">
          <reporter-output>
          </reporter-output>
        </test-method> <!-- validatescannedseal -->
        <test-method is-config="true" signature="teardown()[pri:0, instance:projectnew.projectnew.homepage@79da8dc5]" started-at="2021-03-13T13:15:06 IST" name="teardown" finished-at="2021-03-13T13:15:06 IST" duration-ms="0" status="PASS">
          <reporter-output>
          </reporter-output>
        </test-method> <!-- teardown -->
      </class> <!-- projectnew.projectnew.homepage -->
    </test> <!-- Default test -->
  </suite> <!-- Default suite -->
</testng-results>
